<?xml version="1.0" encoding="UTF-8"?>
<!-- Generated by org.testng.reporters.JUnitReportReporter -->
<testsuite hostname="Ramya" failures="0" tests="2" name="CalculatorTest" time="0.011" errors="0" timestamp="2021-07-13T21:03:01 IST" skipped="0">
  <testcase classname="CalculatorTest" name="add1Test" time="0.008"/>
  <system-out/>
  <testcase classname="CalculatorTest" name="sub1Test" time="0.003"/>
  <system-out/>
</testsuite> <!-- CalculatorTest -->
